<?xml version="1.0" encoding="UTF-8"?>
<testng-results skipped="0" failed="0" total="1" passed="1">
  <reporter-output>
  </reporter-output>
  <suite name="Default suite" duration-ms="85336" started-at="2018-12-22T17:24:29Z" finished-at="2018-12-22T17:25:54Z">
    <groups>
    </groups>
    <test name="Default test" duration-ms="85336" started-at="2018-12-22T17:24:29Z" finished-at="2018-12-22T17:25:54Z">
      <class name="com.automation.utilities.SeleniumGrid">
        <test-method status="PASS" signature="setUpTest()[pri:0, instance:com.automation.utilities.SeleniumGrid@271053e1]" name="setUpTest" is-config="true" duration-ms="28203" started-at="2018-12-22T22:54:29Z" finished-at="2018-12-22T22:54:57Z">
          <reporter-output>
          </reporter-output>
        </test-method> <!-- setUpTest -->
        <test-method status="PASS" signature="googleSearch1()[pri:0, instance:com.automation.utilities.SeleniumGrid@271053e1]" name="googleSearch1" duration-ms="56282" started-at="2018-12-22T22:54:58Z" finished-at="2018-12-22T22:55:54Z">
          <reporter-output>
          </reporter-output>
        </test-method> <!-- googleSearch1 -->
        <test-method status="PASS" signature="TearDown()[pri:0, instance:com.automation.utilities.SeleniumGrid@271053e1]" name="TearDown" is-config="true" duration-ms="173" started-at="2018-12-22T22:55:54Z" finished-at="2018-12-22T22:55:54Z">
          <reporter-output>
          </reporter-output>
        </test-method> <!-- TearDown -->
      </class> <!-- com.automation.utilities.SeleniumGrid -->
    </test> <!-- Default test -->
  </suite> <!-- Default suite -->
</testng-results>
