<?xml version="1.0" encoding="UTF-8"?>
<testsuite xmlns:xsi="http://www.w3.org/2001/XMLSchema-instance" xsi:noNamespaceSchemaLocation="https://maven.apache.org/surefire/maven-failsafe-plugin/xsd/failsafe-test-report-3.0.xsd" version="3.0" name="WebServices.glue.petStore.PetStoreRunner" time="13.291" tests="3" errors="0" skipped="0" failures="0">
  <properties>
[...]
</properties>
  <testcase name="Verify admin will be able to create a new pet store user" classname="PetStore user functionalities" time="4.357"/>
  <testcase name="Verify admin will be able to retrieve the new user details" classname="PetStore user functionalities" time="1.985"/>
  <testcase name="Verify admin will be able to delete the user" classname="PetStore user functionalities" time="2.976"/>
</testsuite>