<?xml version="1.0" encoding="UTF-8"?>
<!-- Generated by org.testng.reporters.JUnitXMLReporter -->
<testsuite hostname="Shubhankar" name="Test" tests="3" failures="0" timestamp="2 Dec 2018 20:38:02 GMT" time="0.158" errors="0">
  <testcase name="Test3" time="0.046" classname="com.automation.utilities.Misclenious"/>
  <testcase name="Test1" time="0.008" classname="com.automation.utilities.Misclenious"/>
  <testcase name="Test2" time="0.009" classname="com.automation.utilities.Misclenious"/>
</testsuite> <!-- Test -->
