<?xml version="1.0" encoding="UTF-8"?>
<testng-results skipped="0" failed="0" total="2" passed="2">
  <reporter-output>
  </reporter-output>
  <suite name="Suite" duration-ms="96868" started-at="2021-01-16T08:35:36Z" finished-at="2021-01-16T08:37:13Z">
    <groups>
    </groups>
    <test name="Test" duration-ms="96868" started-at="2021-01-16T08:35:36Z" finished-at="2021-01-16T08:37:13Z">
      <class name="com.automation.testcases.Google_Ad_Search">
        <test-method status="PASS" signature="setUp()[pri:0, instance:com.automation.testcases.Google_Ad_Search@2a3046da]" name="setUp" is-config="true" duration-ms="18535" started-at="2021-01-16T14:05:36Z" finished-at="2021-01-16T14:05:55Z">
          <reporter-output>
          </reporter-output>
        </test-method> <!-- setUp -->
        <test-method status="PASS" signature="capture_Ad_Details()[pri:0, instance:com.automation.testcases.Google_Ad_Search@2a3046da]" name="capture_Ad_Details" duration-ms="76197" started-at="2021-01-16T14:05:55Z" finished-at="2021-01-16T14:07:11Z">
          <reporter-output>
          </reporter-output>
        </test-method> <!-- capture_Ad_Details -->
        <test-method status="PASS" signature="convert_To_Json()[pri:0, instance:com.automation.testcases.Google_Ad_Search@2a3046da]" name="convert_To_Json" duration-ms="668" started-at="2021-01-16T14:07:11Z" finished-at="2021-01-16T14:07:12Z">
          <reporter-output>
          </reporter-output>
        </test-method> <!-- convert_To_Json -->
        <test-method status="PASS" signature="tear_Down()[pri:0, instance:com.automation.testcases.Google_Ad_Search@2a3046da]" name="tear_Down" is-config="true" duration-ms="1438" started-at="2021-01-16T14:07:12Z" finished-at="2021-01-16T14:07:13Z">
          <reporter-output>
          </reporter-output>
        </test-method> <!-- tear_Down -->
      </class> <!-- com.automation.testcases.Google_Ad_Search -->
    </test> <!-- Test -->
  </suite> <!-- Suite -->
</testng-results>
