<?xml version="1.0" encoding="UTF-8"?>
<testng-results skipped="0" failed="0" ignored="0" total="1" passed="1">
  <reporter-output>
  </reporter-output>
  <suite name="Suite" duration-ms="8191" started-at="2021-01-07T17:03:03Z" finished-at="2021-01-07T17:03:11Z">
    <groups>
    </groups>
    <test name="Test" duration-ms="8191" started-at="2021-01-07T17:03:03Z" finished-at="2021-01-07T17:03:11Z">
      <class name="com.restassured.testcases.BestBuyAPIStoreTest">
        <test-method status="PASS" signature="setUpSuite()[pri:0, instance:com.restassured.testcases.BestBuyAPIStoreTest@1fa268de]" name="setUpSuite" is-config="true" duration-ms="483" started-at="2021-01-07T17:03:02Z" finished-at="2021-01-07T17:03:03Z">
          <reporter-output>
          </reporter-output>
        </test-method> <!-- setUpSuite -->
        <test-method status="PASS" signature="setUp()[pri:0, instance:com.restassured.testcases.BestBuyAPIStoreTest@1fa268de]" name="setUp" is-config="true" duration-ms="2" started-at="2021-01-07T17:03:03Z" finished-at="2021-01-07T17:03:03Z">
          <reporter-output>
          </reporter-output>
        </test-method> <!-- setUp -->
        <test-method status="PASS" signature="get_post_update_delete_Stores(java.util.Hashtable)[pri:1, instance:com.restassured.testcases.BestBuyAPIStoreTest@1fa268de]" name="get_post_update_delete_Stores" duration-ms="8066" started-at="2021-01-07T17:03:03Z" description="Get the stores list from Best Buy API" finished-at="2021-01-07T17:03:11Z">
          <params>
            <param index="0">
              <value>
                <![CDATA[{limit=2.0, name=na, expectedCountryCapital=na, type=na, execute=Yes, countryName=na, TestCaseName=get_post_update_delete_Stores}]]>
              </value>
            </param>
          </params>
          <reporter-output>
          </reporter-output>
        </test-method> <!-- get_post_update_delete_Stores -->
        <test-method status="PASS" signature="afterSuite()[pri:0, instance:com.restassured.testcases.BestBuyAPIStoreTest@1fa268de]" name="afterSuite" is-config="true" duration-ms="923" started-at="2021-01-07T17:03:11Z" finished-at="2021-01-07T17:03:12Z">
          <reporter-output>
          </reporter-output>
        </test-method> <!-- afterSuite -->
      </class> <!-- com.restassured.testcases.BestBuyAPIStoreTest -->
    </test> <!-- Test -->
  </suite> <!-- Suite -->
</testng-results>
