<?xml version="1.0" encoding="UTF-8"?>
<!-- Generated by org.testng.reporters.JUnitXMLReporter -->
<testsuite ignored="2" hostname="suvo" failures="0" tests="11" name="Test" time="31.915" errors="0" timestamp="22 Aug 2021 15:09:32 GMT">
  <testcase classname="AllTestNgListeners" name="m7" time="0.024"/>
  <testcase classname="AllTestNgListeners" name="m8" time="0.007"/>
  <testcase classname="AllTestNgListeners" name="m8" time="0.006"/>
  <testcase classname="AllTestNgListeners" name="m2" time="0.007"/>
  <testcase classname="AllTestNgListeners" name="m4" time="0.005"/>
  <testcase classname="AllTestNgListeners" name="m4" time="0.006"/>
  <testcase classname="AllTestNgListeners" name="m4" time="0.019"/>
  <testcase classname="com.automation.testcases.LinkedInEmpSearch" name="login_To_ContactOut_Extension" time="17.956"/>
  <testcase classname="AllTestNgListeners" name="m3" time="0.004"/>
  <testcase classname="AllTestNgListeners" name="m1" time="0.004"/>
  <testcase classname="AllTestNgListeners" name="m6" time="0.005"/>
  <testcase classname="com.automation.testcases.LinkedInEmpSearch" name="login_To_LinkedIn_and_Search" time="0.0">
    <ignored/>
  </testcase> <!-- login_To_LinkedIn_and_Search -->
  <testcase classname="AllTestNgListeners" name="m5" time="0.0">
    <ignored/>
  </testcase> <!-- m5 -->
</testsuite> <!-- Test -->
