<?xml version="1.0" encoding="UTF-8"?>
<testng-results skipped="0" failed="0" ignored="0" total="1" passed="1">
  <reporter-output>
  </reporter-output>
  <suite name="Default suite" duration-ms="62925" started-at="2022-06-08T01:25:08 IST" finished-at="2022-06-08T01:26:11 IST">
    <groups>
    </groups>
    <test name="Default test" duration-ms="62925" started-at="2022-06-08T01:25:08 IST" finished-at="2022-06-08T01:26:11 IST">
      <class name="com.example.AmazonTest">
        <test-method status="PASS" signature="preCondition()[pri:0, instance:com.example.AmazonTest@6ff29830]" name="preCondition" is-config="true" duration-ms="14215" started-at="2022-06-08T01:24:54 IST" finished-at="2022-06-08T01:25:08 IST">
          <reporter-output>
          </reporter-output>
        </test-method> <!-- preCondition -->
        <test-method status="PASS" signature="validatePageTitle()[pri:0, instance:com.example.AmazonTest@6ff29830]" name="validatePageTitle" duration-ms="59821" started-at="2022-06-08T01:25:10 IST" description="1. Verify &#039;About this item&#039; functionality in Amazon home page " finished-at="2022-06-08T01:26:10 IST">
          <reporter-output>
          </reporter-output>
        </test-method> <!-- validatePageTitle -->
        <test-method status="PASS" signature="postCondition()[pri:0, instance:com.example.AmazonTest@6ff29830]" name="postCondition" is-config="true" duration-ms="1538" started-at="2022-06-08T01:26:16 IST" finished-at="2022-06-08T01:26:18 IST">
          <reporter-output>
          </reporter-output>
        </test-method> <!-- postCondition -->
      </class> <!-- com.example.AmazonTest -->
    </test> <!-- Default test -->
  </suite> <!-- Default suite -->
</testng-results>
